Prewarming seconds cache for 362 day-symbols ...
concurrent.futures.process._RemoteTraceback: 
"""
Traceback (most recent call last):
  File "/Library/Frameworks/Python.framework/Versions/3.12/lib/python3.12/concurrent/futures/process.py", line 263, in _process_worker
    r = call_item.fn(*call_item.args, **call_item.kwargs)
        ^^^^^^^^^^^^^^^^^^^^^^^^^^^^^^^^^^^^^^^^^^^^^^^^^
  File "/Users/abhishek/workspace/NFOopsLab/NFOpsLab-gpt-optimized/backtests/prewarm_cache.py", line 68, in process_day
    strikes = pick_strikes_for_day(spot_sec, anchor_dts, step)
              ^^^^^^^^^^^^^^^^^^^^^^^^^^^^^^^^^^^^^^^^^^^^^^^^
  File "/Users/abhishek/workspace/NFOopsLab/NFOpsLab-gpt-optimized/backtests/prewarm_cache.py", line 38, in pick_strikes_for_day
    v = s.filter(pl.col("ts") == a).select(pl.col("close")).collect()
        ^^^^^^^^^^^^^^^^^^^^^^^^^^^^^^^^^^^^^^^^^^^^^^^^^^^^^^^^^^^^^
  File "/Library/Frameworks/Python.framework/Versions/3.12/lib/python3.12/site-packages/polars/_utils/deprecation.py", line 97, in wrapper
    return function(*args, **kwargs)
           ^^^^^^^^^^^^^^^^^^^^^^^^^
  File "/Library/Frameworks/Python.framework/Versions/3.12/lib/python3.12/site-packages/polars/lazyframe/opt_flags.py", line 330, in wrapper
    return function(*args, **kwargs)
           ^^^^^^^^^^^^^^^^^^^^^^^^^
  File "/Library/Frameworks/Python.framework/Versions/3.12/lib/python3.12/site-packages/polars/lazyframe/frame.py", line 2335, in collect
    return wrap_df(ldf.collect(engine, callback))
                   ^^^^^^^^^^^^^^^^^^^^^^^^^^^^^
polars.exceptions.SchemaError: could not evaluate comparison between series 'ts' of dtype: datetime[ns, Asia/Kolkata] and series 'literal' of dtype: datetime[μs, UTC]
"""

The above exception was the direct cause of the following exception:

Traceback (most recent call last):
  File "/Users/abhishek/workspace/NFOopsLab/NFOpsLab-gpt-optimized/backtests/prewarm_cache.py", line 142, in <module>
    main()
  File "/Users/abhishek/workspace/NFOopsLab/NFOpsLab-gpt-optimized/backtests/prewarm_cache.py", line 131, in main
    st = fut.result()
         ^^^^^^^^^^^^
  File "/Library/Frameworks/Python.framework/Versions/3.12/lib/python3.12/concurrent/futures/_base.py", line 449, in result
    return self.__get_result()
           ^^^^^^^^^^^^^^^^^^^
  File "/Library/Frameworks/Python.framework/Versions/3.12/lib/python3.12/concurrent/futures/_base.py", line 401, in __get_result
    raise self._exception
polars.exceptions.SchemaError: could not evaluate comparison between series 'ts' of dtype: datetime[ns, Asia/Kolkata] and series 'literal' of dtype: datetime[μs, UTC]
